2013-01-25 03:55:25 Error: [MissingActionException] Action UsersController::index() could not be found.
#0 /home/galeorig/public_html/lib/Cake/Routing/Dispatcher.php(186): Controller->invokeAction(Object(CakeRequest))
#1 /home/galeorig/public_html/lib/Cake/Routing/Dispatcher.php(161): Dispatcher->_invoke(Object(UsersController), Object(CakeRequest), Object(CakeResponse))
#2 /home/galeorig/public_html/app/webroot/index.php(92): Dispatcher->dispatch(Object(CakeRequest), Object(CakeResponse))
#3 {main}
2013-01-26 02:25:31 Error: [MissingControllerException] Controller class Reviews.Controller could not be found.
#0 /home/galeorig/public_html/app/webroot/index.php(92): Dispatcher->dispatch(Object(CakeRequest), Object(CakeResponse))
#1 {main}
2013-01-27 21:44:58 Error: [NotFoundException] Invalid review
#0 [internal function]: ReviewsController->view('1')
#1 /home/galeorig/public_html/lib/Cake/Controller/Controller.php(485): ReflectionMethod->invokeArgs(Object(ReviewsController), Array)
#2 /home/galeorig/public_html/lib/Cake/Routing/Dispatcher.php(186): Controller->invokeAction(Object(CakeRequest))
#3 /home/galeorig/public_html/lib/Cake/Routing/Dispatcher.php(161): Dispatcher->_invoke(Object(ReviewsController), Object(CakeRequest), Object(CakeResponse))
#4 /home/galeorig/public_html/app/webroot/index.php(92): Dispatcher->dispatch(Object(CakeRequest), Object(CakeResponse))
#5 {main}
2013-01-27 21:49:40 Error: [NotFoundException] Invalid review ID
#0 [internal function]: ReviewsController->edit()
#1 /home/galeorig/public_html/lib/Cake/Controller/Controller.php(485): ReflectionMethod->invokeArgs(Object(ReviewsController), Array)
#2 /home/galeorig/public_html/lib/Cake/Routing/Dispatcher.php(186): Controller->invokeAction(Object(CakeRequest))
#3 /home/galeorig/public_html/lib/Cake/Routing/Dispatcher.php(161): Dispatcher->_invoke(Object(ReviewsController), Object(CakeRequest), Object(CakeResponse))
#4 /home/galeorig/public_html/app/webroot/index.php(92): Dispatcher->dispatch(Object(CakeRequest), Object(CakeResponse))
#5 {main}
2013-01-27 21:49:52 Error: [NotFoundException] Invalid movie
#0 [internal function]: MoviesController->edit()
#1 /home/galeorig/public_html/lib/Cake/Controller/Controller.php(485): ReflectionMethod->invokeArgs(Object(MoviesController), Array)
#2 /home/galeorig/public_html/lib/Cake/Routing/Dispatcher.php(186): Controller->invokeAction(Object(CakeRequest))
#3 /home/galeorig/public_html/lib/Cake/Routing/Dispatcher.php(161): Dispatcher->_invoke(Object(MoviesController), Object(CakeRequest), Object(CakeResponse))
#4 /home/galeorig/public_html/app/webroot/index.php(92): Dispatcher->dispatch(Object(CakeRequest), Object(CakeResponse))
#5 {main}
2013-01-27 22:32:56 Error: [NotFoundException] Invalid comment
#0 [internal function]: CommentsController->view('1')
#1 /home/galeorig/public_html/lib/Cake/Controller/Controller.php(485): ReflectionMethod->invokeArgs(Object(CommentsController), Array)
#2 /home/galeorig/public_html/lib/Cake/Routing/Dispatcher.php(186): Controller->invokeAction(Object(CakeRequest))
#3 /home/galeorig/public_html/lib/Cake/Routing/Dispatcher.php(161): Dispatcher->_invoke(Object(CommentsController), Object(CakeRequest), Object(CakeResponse))
#4 /home/galeorig/public_html/app/webroot/index.php(92): Dispatcher->dispatch(Object(CakeRequest), Object(CakeResponse))
#5 {main}
2013-01-27 22:33:05 Error: [NotFoundException] Invalid review
#0 [internal function]: ReviewsController->view('1')
#1 /home/galeorig/public_html/lib/Cake/Controller/Controller.php(485): ReflectionMethod->invokeArgs(Object(ReviewsController), Array)
#2 /home/galeorig/public_html/lib/Cake/Routing/Dispatcher.php(186): Controller->invokeAction(Object(CakeRequest))
#3 /home/galeorig/public_html/lib/Cake/Routing/Dispatcher.php(161): Dispatcher->_invoke(Object(ReviewsController), Object(CakeRequest), Object(CakeResponse))
#4 /home/galeorig/public_html/app/webroot/index.php(92): Dispatcher->dispatch(Object(CakeRequest), Object(CakeResponse))
#5 {main}
2013-01-27 22:33:08 Error: [NotFoundException] Invalid review
#0 [internal function]: ReviewsController->view('1')
#1 /home/galeorig/public_html/lib/Cake/Controller/Controller.php(485): ReflectionMethod->invokeArgs(Object(ReviewsController), Array)
#2 /home/galeorig/public_html/lib/Cake/Routing/Dispatcher.php(186): Controller->invokeAction(Object(CakeRequest))
#3 /home/galeorig/public_html/lib/Cake/Routing/Dispatcher.php(161): Dispatcher->_invoke(Object(ReviewsController), Object(CakeRequest), Object(CakeResponse))
#4 /home/galeorig/public_html/app/webroot/index.php(92): Dispatcher->dispatch(Object(CakeRequest), Object(CakeResponse))
#5 {main}
2013-01-27 22:33:12 Error: [MissingControllerException] Controller class MovieController could not be found.
#0 /home/galeorig/public_html/app/webroot/index.php(92): Dispatcher->dispatch(Object(CakeRequest), Object(CakeResponse))
#1 {main}
2013-01-28 20:28:50 Error: [NotFoundException] Invalid movie
#0 [internal function]: MoviesController->view()
#1 /home/galeorig/public_html/lib/Cake/Controller/Controller.php(485): ReflectionMethod->invokeArgs(Object(MoviesController), Array)
#2 /home/galeorig/public_html/lib/Cake/Routing/Dispatcher.php(186): Controller->invokeAction(Object(CakeRequest))
#3 /home/galeorig/public_html/lib/Cake/Routing/Dispatcher.php(161): Dispatcher->_invoke(Object(MoviesController), Object(CakeRequest), Object(CakeResponse))
#4 /home/galeorig/public_html/app/webroot/index.php(92): Dispatcher->dispatch(Object(CakeRequest), Object(CakeResponse))
#5 {main}
2013-01-28 20:28:57 Error: [NotFoundException] Invalid movie
#0 [internal function]: MoviesController->view()
#1 /home/galeorig/public_html/lib/Cake/Controller/Controller.php(485): ReflectionMethod->invokeArgs(Object(MoviesController), Array)
#2 /home/galeorig/public_html/lib/Cake/Routing/Dispatcher.php(186): Controller->invokeAction(Object(CakeRequest))
#3 /home/galeorig/public_html/lib/Cake/Routing/Dispatcher.php(161): Dispatcher->_invoke(Object(MoviesController), Object(CakeRequest), Object(CakeResponse))
#4 /home/galeorig/public_html/app/webroot/index.php(92): Dispatcher->dispatch(Object(CakeRequest), Object(CakeResponse))
#5 {main}
2013-01-28 20:31:18 Error: [MissingControllerException] Controller class MoviesjsonController could not be found.
#0 /home/galeorig/public_html/app/webroot/index.php(92): Dispatcher->dispatch(Object(CakeRequest), Object(CakeResponse))
#1 {main}
2013-01-30 20:24:55 Error: [MissingActionException] Action UsersController::index() could not be found.
#0 /home/galeorig/public_html/lib/Cake/Routing/Dispatcher.php(186): Controller->invokeAction(Object(CakeRequest))
#1 /home/galeorig/public_html/lib/Cake/Routing/Dispatcher.php(161): Dispatcher->_invoke(Object(UsersController), Object(CakeRequest), Object(CakeResponse))
#2 /home/galeorig/public_html/app/webroot/index.php(92): Dispatcher->dispatch(Object(CakeRequest), Object(CakeResponse))
#3 {main}
2013-01-30 20:31:14 Error: [MissingActionException] Action UsersController::index() could not be found.
#0 /home/galeorig/public_html/lib/Cake/Routing/Dispatcher.php(186): Controller->invokeAction(Object(CakeRequest))
#1 /home/galeorig/public_html/lib/Cake/Routing/Dispatcher.php(161): Dispatcher->_invoke(Object(UsersController), Object(CakeRequest), Object(CakeResponse))
#2 /home/galeorig/public_html/app/webroot/index.php(92): Dispatcher->dispatch(Object(CakeRequest), Object(CakeResponse))
#3 {main}
2013-01-30 20:32:05 Error: [MissingActionException] Action UsersController::index() could not be found.
#0 /home/galeorig/public_html/lib/Cake/Routing/Dispatcher.php(186): Controller->invokeAction(Object(CakeRequest))
#1 /home/galeorig/public_html/lib/Cake/Routing/Dispatcher.php(161): Dispatcher->_invoke(Object(UsersController), Object(CakeRequest), Object(CakeResponse))
#2 /home/galeorig/public_html/app/webroot/index.php(92): Dispatcher->dispatch(Object(CakeRequest), Object(CakeResponse))
#3 {main}
2013-04-05 11:54:53 Error: [MissingActionException] Action UsersController::index() could not be found.
#0 /home/galeorig/public_html/lib/Cake/Routing/Dispatcher.php(186): Controller->invokeAction(Object(CakeRequest))
#1 /home/galeorig/public_html/lib/Cake/Routing/Dispatcher.php(161): Dispatcher->_invoke(Object(UsersController), Object(CakeRequest), Object(CakeResponse))
#2 /home/galeorig/public_html/app/webroot/index.php(92): Dispatcher->dispatch(Object(CakeRequest), Object(CakeResponse))
#3 {main}
2013-06-18 22:40:19 Error: [MissingActionException] Action UsersController::index() could not be found.
#0 /home/galeorig/public_html/lib/Cake/Routing/Dispatcher.php(186): Controller->invokeAction(Object(CakeRequest))
#1 /home/galeorig/public_html/lib/Cake/Routing/Dispatcher.php(161): Dispatcher->_invoke(Object(UsersController), Object(CakeRequest), Object(CakeResponse))
#2 /home/galeorig/public_html/app/webroot/index.php(92): Dispatcher->dispatch(Object(CakeRequest), Object(CakeResponse))
#3 {main}
